Build started 6/29/2025 2:38:25 PM.
     1>Project "c:\Users\Laptop\documents\visual studio 2010\Projects\sudoku_solver\sudoku_solver\sudoku_solver.vcxproj" on node 2 (build target(s)).
     1>PrepareForBuild:
         Creating directory "c:\users\laptop\documents\visual studio 2010\Projects\sudoku_solver\Debug\".
       InitializeBuildStatus:
         Creating "Debug\sudoku_solver.unsuccessfulbuild" because "AlwaysCreate" was specified.
       ClCompile:
         C:\Program Files (x86)\Microsoft Visual Studio 10.0\VC\bin\CL.exe /c /ZI /nologo /W3 /WX- /Od /Oy- /D WIN32 /D _DEBUG /D _CONSOLE /D _UNICODE /D UNICODE /Gm /EHsc /RTC1 /MDd /GS /fp:precise /Zc:wchar_t /Zc:forScope /Yc"StdAfx.h" /Fp"Debug\sudoku_solver.pch" /Fo"Debug\\" /Fd"Debug\vc100.pdb" /Gd /TP /analyze- /errorReport:prompt stdafx.cpp
         stdafx.cpp
         C:\Program Files (x86)\Microsoft Visual Studio 10.0\VC\bin\CL.exe /c /ZI /nologo /W3 /WX- /Od /Oy- /D WIN32 /D _DEBUG /D _CONSOLE /D _UNICODE /D UNICODE /Gm /EHsc /RTC1 /MDd /GS /fp:precise /Zc:wchar_t /Zc:forScope /Yu"StdAfx.h" /Fp"Debug\sudoku_solver.pch" /Fo"Debug\\" /Fd"Debug\vc100.pdb" /Gd /TP /analyze- /errorReport:prompt sudoku_solver.cpp
         sudoku_solver.cpp
       ManifestResourceCompile:
         C:\Program Files (x86)\Microsoft SDKs\Windows\v7.0A\bin\rc.exe /nologo /fo"Debug\sudoku_solver.exe.embed.manifest.res" Debug\sudoku_solver_manifest.rc 
       Link:
         C:\Program Files (x86)\Microsoft Visual Studio 10.0\VC\bin\link.exe /ERRORREPORT:PROMPT /OUT:"c:\users\laptop\documents\visual studio 2010\Projects\sudoku_solver\Debug\sudoku_solver.exe" /INCREMENTAL /NOLOGO kernel32.lib user32.lib gdi32.lib winspool.lib comdlg32.lib advapi32.lib shell32.lib ole32.lib oleaut32.lib uuid.lib odbc32.lib odbccp32.lib /MANIFEST /ManifestFile:"Debug\sudoku_solver.exe.intermediate.manifest" /MANIFESTUAC:"level='asInvoker' uiAccess='false'" /DEBUG /PDB:"c:\users\laptop\documents\visual studio 2010\Projects\sudoku_solver\Debug\sudoku_solver.pdb" /SUBSYSTEM:CONSOLE /TLBID:1 /DYNAMICBASE /NXCOMPAT /IMPLIB:"c:\users\laptop\documents\visual studio 2010\Projects\sudoku_solver\Debug\sudoku_solver.lib" /MACHINE:X86 Debug\sudoku_solver.exe.embed.manifest.res
         Debug\stdafx.obj
         Debug\sudoku_solver.obj
       Manifest:
         C:\Program Files (x86)\Microsoft SDKs\Windows\v7.0A\bin\mt.exe /nologo /verbose /out:"Debug\sudoku_solver.exe.embed.manifest" /manifest Debug\sudoku_solver.exe.intermediate.manifest
         C:\Program Files (x86)\Microsoft SDKs\Windows\v7.0A\bin\rc.exe /nologo /fo"Debug\sudoku_solver.exe.embed.manifest.res" Debug\sudoku_solver_manifest.rc 
       LinkEmbedManifest:
         C:\Program Files (x86)\Microsoft Visual Studio 10.0\VC\bin\link.exe /ERRORREPORT:PROMPT /OUT:"c:\users\laptop\documents\visual studio 2010\Projects\sudoku_solver\Debug\sudoku_solver.exe" /INCREMENTAL /NOLOGO kernel32.lib user32.lib gdi32.lib winspool.lib comdlg32.lib advapi32.lib shell32.lib ole32.lib oleaut32.lib uuid.lib odbc32.lib odbccp32.lib /MANIFEST /ManifestFile:"Debug\sudoku_solver.exe.intermediate.manifest" /MANIFESTUAC:"level='asInvoker' uiAccess='false'" /DEBUG /PDB:"c:\users\laptop\documents\visual studio 2010\Projects\sudoku_solver\Debug\sudoku_solver.pdb" /SUBSYSTEM:CONSOLE /TLBID:1 /DYNAMICBASE /NXCOMPAT /IMPLIB:"c:\users\laptop\documents\visual studio 2010\Projects\sudoku_solver\Debug\sudoku_solver.lib" /MACHINE:X86 Debug\sudoku_solver.exe.embed.manifest.res
         Debug\stdafx.obj
         Debug\sudoku_solver.obj
         sudoku_solver.vcxproj -> c:\users\laptop\documents\visual studio 2010\Projects\sudoku_solver\Debug\sudoku_solver.exe
       FinalizeBuildStatus:
         Deleting file "Debug\sudoku_solver.unsuccessfulbuild".
         Touching "Debug\sudoku_solver.lastbuildstate".
     1>Done Building Project "c:\Users\Laptop\documents\visual studio 2010\Projects\sudoku_solver\sudoku_solver\sudoku_solver.vcxproj" (build target(s)).

Build succeeded.

Time Elapsed 00:00:05.71
